This is pdfTeX, Version 3.14159265-2.6-1.40.17 (MiKTeX 2.9 64-bit) (preloaded format=pdflatex 2016.10.22)  12 APR 2017 12:52
entering extended mode
**./commands.tex
(commands.tex
LaTeX2e <2016/03/31> patch level 3
Babel <3.9r> and hyphenation patterns for 75 language(s) loaded.
! Undefined control sequence.
l.22 \newmdenv
              [
? 
! Emergency stop.
l.22 \newmdenv
              [
End of file on the terminal!

 
Here is how much of TeX's memory you used:
 10 strings out of 493334
 129 string characters out of 3139245
 53242 words of memory out of 3000000
 3640 multiletter control sequences out of 15000+200000
 3640 words of font info for 14 fonts, out of 3000000 for 9000
 1141 hyphenation exceptions out of 8191
 7i,0n,6p,71b,8s stack positions out of 5000i,500n,10000p,200000b,50000s
!  ==> Fatal error occurred, no output PDF file produced!
